<?xml version="1.0" encoding="UTF-8"?>
<!-- Generated by org.testng.reporters.JUnitXMLReporter -->
<testsuite ignored="0" hostname="LTIN719344" failures="1" tests="30" name="Test" time="235.488" errors="0" timestamp="2026-05-23T14:50:51 IST">
  <testcase classname="tests.TipCalculatorTest" name="runTest" time="1.774"/>
  <testcase classname="tests.TipCalculatorTest" name="runTest" time="3.363"/>
  <testcase classname="tests.TipCalculatorTest" name="runTest" time="4.41"/>
  <testcase classname="tests.TipCalculatorTest" name="runTest" time="7.993"/>
  <testcase classname="tests.TipCalculatorTest" name="runTest" time="2.985"/>
  <testcase classname="tests.TipCalculatorTest" name="runTest" time="2.905"/>
  <testcase classname="tests.TipCalculatorTest" name="runTest" time="4.851"/>
  <testcase classname="tests.TipCalculatorTest" name="runTest" time="7.403"/>
  <testcase classname="tests.TipCalculatorTest" name="runTest" time="3.928"/>
  <testcase classname="tests.TipCalculatorTest" name="runTest" time="4.619"/>
  <testcase classname="tests.TipCalculatorTest" name="runTest" time="2.502"/>
  <testcase classname="tests.TipCalculatorTest" name="runTest" time="6.262"/>
  <testcase classname="tests.TipCalculatorTest" name="runTest" time="6.655"/>
  <testcase classname="tests.TipCalculatorTest" name="runTest" time="12.322"/>
  <testcase classname="tests.TipCalculatorTest" name="runTest" time="9.39"/>
  <testcase classname="tests.TipCalculatorTest" name="runTest" time="4.886"/>
  <testcase classname="tests.TipCalculatorTest" name="runTest" time="12.033">
    <failure type="java.lang.AssertionError" message="null">
      <![CDATA[java.lang.AssertionError: null
at tests.TipCalculatorTest.runTest(TipCalculatorTest.java:310)
at java.base/java.util.ArrayList.forEach(ArrayList.java:1596)
... Removed 27 stack frames]]>
    </failure>
  </testcase> <!-- runTest -->
  <testcase classname="tests.TipCalculatorTest" name="runTest" time="8.018"/>
  <testcase classname="tests.TipCalculatorTest" name="runTest" time="3.696"/>
  <testcase classname="tests.TipCalculatorTest" name="runTest" time="34.631"/>
  <testcase classname="tests.TipCalculatorTest" name="runTest" time="10.798"/>
  <testcase classname="tests.TipCalculatorTest" name="runTest" time="7.995"/>
  <testcase classname="tests.TipCalculatorTest" name="runTest" time="8.481"/>
  <testcase classname="tests.TipCalculatorTest" name="runTest" time="6.619"/>
  <testcase classname="tests.TipCalculatorTest" name="runTest" time="4.491"/>
  <testcase classname="tests.TipCalculatorTest" name="runTest" time="11.716"/>
  <testcase classname="tests.TipCalculatorTest" name="runTest" time="5.603"/>
  <testcase classname="tests.TipCalculatorTest" name="runTest" time="7.81"/>
  <testcase classname="tests.TipCalculatorTest" name="runTest" time="2.755"/>
  <testcase classname="tests.TipCalculatorTest" name="runTest" time="2.289"/>
</testsuite> <!-- Test -->
